This file contains any messages produced by compilers while
running configure, to aid debugging if configure makes a mistake.

It was created by ECE4750 Microbenchmark Suite configure ?, which was
generated by GNU Autoconf 2.69.  Invocation command line was

  $ ../configure --host=riscv32-unknown-elf

## --------- ##
## Platform. ##
## --------- ##

hostname = en-ec-ecelinux-01.coecis.cornell.edu
uname -m = x86_64
uname -r = 3.10.0-327.36.3.el7.x86_64
uname -s = Linux
uname -v = #1 SMP Thu Oct 20 04:56:07 EDT 2016

/usr/bin/uname -p = x86_64
/bin/uname -X     = unknown

/bin/arch              = x86_64
/usr/bin/arch -k       = unknown
/usr/convex/getsysinfo = unknown
/usr/bin/hostinfo      = unknown
/bin/machine           = unknown
/usr/bin/oslevel       = unknown
/bin/universe          = unknown

PATH: /classes/ece4750/install/bare-pkgs/x86_64-rhel7/gems/ruby-2.3.1/bin
PATH: /classes/ece4750/install/bare-pkgs/x86_64-rhel7/gems/ruby-2.3.1@global/bin
PATH: /classes/ece4750/install/bare-pkgs/x86_64-rhel7/rubies/ruby-2.3.1/bin
PATH: /opt/texlive/2016/bin
PATH: /opt/texlive/2016/bin/x86_64-linux
PATH: /opt/texlive/2016
PATH: /classes/ece4750/install/venv-pkgs/x86_64-rhel7/pypy5.4.1/bin
PATH: /home/bhw49/install/stow-pkgs/x86_64-rhel7/bin
PATH: /home/bhw49/install/stow-pkgs/noarch/bin
PATH: /classes/ece4750/install/stow-pkgs/x86_64-rhel7/bin
PATH: /classes/ece4750/install/stow-pkgs/noarch/bin
PATH: /usr/lib64/qt-3.3/bin
PATH: /usr/local/bin
PATH: /usr/bin
PATH: /usr/local/sbin
PATH: /usr/sbin
PATH: /classes/setup
PATH: /classes/setup
PATH: /classes/ece4750/install/bare-pkgs/x86_64-rhel7/bin
PATH: /home/bhw49/.local/bin
PATH: /home/bhw49/bin


## ----------- ##
## Core tests. ##
## ----------- ##

configure:1882: checking build system type
configure:1896: result: x86_64-unknown-linux-gnu
configure:1916: checking host system type
configure:1929: result: riscv32-unknown-elf
configure:1963: checking for riscv32-unknown-elf-gcc
configure:1979: found /classes/ece4750/install/stow-pkgs/x86_64-rhel7/bin/riscv32-unknown-elf-gcc
configure:1990: result: riscv32-unknown-elf-gcc
configure:2259: checking for C compiler version
configure:2268: riscv32-unknown-elf-gcc --version >&5
riscv32-unknown-elf-gcc (GCC) 5.3.0
Copyright (C) 2015 Free Software Foundation, Inc.
This is free software; see the source for copying conditions.  There is NO
warranty; not even for MERCHANTABILITY or FITNESS FOR A PARTICULAR PURPOSE.

configure:2279: $? = 0
configure:2268: riscv32-unknown-elf-gcc -v >&5
Using built-in specs.
COLLECT_GCC=riscv32-unknown-elf-gcc
COLLECT_LTO_WRAPPER=/classes/ece4750/install/stow-pkgs/x86_64-rhel7/pkgs/riscv-gnu-toolchain-0.0-501-g728afcd/libexec/gcc/riscv32-unknown-elf/5.3.0/lto-wrapper
Target: riscv32-unknown-elf
Configured with: /home/cb535/vc/git-hub/riscv/riscv-tools/riscv-gnu-toolchain/build/src/newlib-gcc/configure --target=riscv32-unknown-elf --prefix=/classes/ece4750/install/stow-pkgs/x86_64-rhel7/pkgs/riscv-gnu-toolchain-0.0-501-g728afcd --disable-shared --disable-threads --enable-tls --enable-languages=c,c++ --with-newlib --disable-libmudflap --disable-libssp --disable-libquadmath --disable-libgomp --disable-nls --disable-multilib --with-arch=IM
Thread model: single
gcc version 5.3.0 (GCC) 
configure:2279: $? = 0
configure:2268: riscv32-unknown-elf-gcc -V >&5
riscv32-unknown-elf-gcc: error: unrecognized command line option '-V'
riscv32-unknown-elf-gcc: fatal error: no input files
compilation terminated.
configure:2279: $? = 1
configure:2268: riscv32-unknown-elf-gcc -qversion >&5
riscv32-unknown-elf-gcc: error: unrecognized command line option '-qversion'
riscv32-unknown-elf-gcc: fatal error: no input files
compilation terminated.
configure:2279: $? = 1
configure:2299: checking whether the C compiler works
configure:2321: riscv32-unknown-elf-gcc    conftest.c  >&5
configure:2325: $? = 0
configure:2373: result: yes
configure:2376: checking for C compiler default output file name
configure:2378: result: a.out
configure:2384: checking for suffix of executables
configure:2391: riscv32-unknown-elf-gcc -o conftest    conftest.c  >&5
configure:2395: $? = 0
configure:2417: result: 
configure:2439: checking whether we are cross compiling
configure:2447: riscv32-unknown-elf-gcc -o conftest    conftest.c  >&5
configure:2451: $? = 0
configure:2458: ./conftest
../configure: line 2460: ./conftest: cannot execute binary file
configure:2462: $? = 126
configure:2477: result: yes
configure:2482: checking for suffix of object files
configure:2504: riscv32-unknown-elf-gcc -c   conftest.c >&5
configure:2508: $? = 0
configure:2529: result: o
configure:2533: checking whether we are using the GNU C compiler
configure:2552: riscv32-unknown-elf-gcc -c   conftest.c >&5
configure:2552: $? = 0
configure:2561: result: yes
configure:2570: checking whether riscv32-unknown-elf-gcc accepts -g
configure:2590: riscv32-unknown-elf-gcc -c -g  conftest.c >&5
configure:2590: $? = 0
configure:2631: result: yes
configure:2648: checking for riscv32-unknown-elf-gcc option to accept ISO C89
configure:2711: riscv32-unknown-elf-gcc  -c -g -O2  conftest.c >&5
configure:2711: $? = 0
configure:2724: result: none needed
configure:2762: checking for riscv32-unknown-elf-g++
configure:2778: found /classes/ece4750/install/stow-pkgs/x86_64-rhel7/bin/riscv32-unknown-elf-g++
configure:2789: result: riscv32-unknown-elf-g++
configure:2860: checking for C++ compiler version
configure:2869: riscv32-unknown-elf-g++ --version >&5
riscv32-unknown-elf-g++ (GCC) 5.3.0
Copyright (C) 2015 Free Software Foundation, Inc.
This is free software; see the source for copying conditions.  There is NO
warranty; not even for MERCHANTABILITY or FITNESS FOR A PARTICULAR PURPOSE.

configure:2880: $? = 0
configure:2869: riscv32-unknown-elf-g++ -v >&5
Using built-in specs.
COLLECT_GCC=riscv32-unknown-elf-g++
COLLECT_LTO_WRAPPER=/classes/ece4750/install/stow-pkgs/x86_64-rhel7/pkgs/riscv-gnu-toolchain-0.0-501-g728afcd/libexec/gcc/riscv32-unknown-elf/5.3.0/lto-wrapper
Target: riscv32-unknown-elf
Configured with: /home/cb535/vc/git-hub/riscv/riscv-tools/riscv-gnu-toolchain/build/src/newlib-gcc/configure --target=riscv32-unknown-elf --prefix=/classes/ece4750/install/stow-pkgs/x86_64-rhel7/pkgs/riscv-gnu-toolchain-0.0-501-g728afcd --disable-shared --disable-threads --enable-tls --enable-languages=c,c++ --with-newlib --disable-libmudflap --disable-libssp --disable-libquadmath --disable-libgomp --disable-nls --disable-multilib --with-arch=IM
Thread model: single
gcc version 5.3.0 (GCC) 
configure:2880: $? = 0
configure:2869: riscv32-unknown-elf-g++ -V >&5
riscv32-unknown-elf-g++: error: unrecognized command line option '-V'
riscv32-unknown-elf-g++: fatal error: no input files
compilation terminated.
configure:2880: $? = 1
configure:2869: riscv32-unknown-elf-g++ -qversion >&5
riscv32-unknown-elf-g++: error: unrecognized command line option '-qversion'
riscv32-unknown-elf-g++: fatal error: no input files
compilation terminated.
configure:2880: $? = 1
configure:2884: checking whether we are using the GNU C++ compiler
configure:2903: riscv32-unknown-elf-g++ -c   conftest.cpp >&5
configure:2903: $? = 0
configure:2912: result: yes
configure:2921: checking whether riscv32-unknown-elf-g++ accepts -g
configure:2941: riscv32-unknown-elf-g++ -c -g  conftest.cpp >&5
configure:2941: $? = 0
configure:2982: result: yes
configure:3024: checking for riscv32-unknown-elf-ar
configure:3040: found /classes/ece4750/install/stow-pkgs/x86_64-rhel7/bin/riscv32-unknown-elf-ar
configure:3051: result: riscv32-unknown-elf-ar
configure:3116: checking for riscv32-unknown-elf-ranlib
configure:3132: found /classes/ece4750/install/stow-pkgs/x86_64-rhel7/bin/riscv32-unknown-elf-ranlib
configure:3143: result: riscv32-unknown-elf-ranlib
configure:3252: checking for a BSD-compatible install
configure:3320: result: /usr/bin/install -c
configure:3818: configuring internal subproject common
configure:4093: configuring internal subproject ubmark
configure:4368: configuring internal subproject mtbmark
configure:4521: creating ./config.status

## ---------------------- ##
## Running config.status. ##
## ---------------------- ##

This file was extended by ECE4750 Microbenchmark Suite config.status ?, which was
generated by GNU Autoconf 2.69.  Invocation command line was

  CONFIG_FILES    = 
  CONFIG_HEADERS  = 
  CONFIG_LINKS    = 
  CONFIG_COMMANDS = 
  $ ./config.status 

on en-ec-ecelinux-01.coecis.cornell.edu

config.status:847: creating common.mk
config.status:847: creating ubmark.mk
config.status:847: creating mtbmark.mk
config.status:847: creating Makefile
config.status:847: creating common-config.h
config.status:847: creating ubmark-config.h
config.status:847: creating mtbmark-config.h

## ---------------- ##
## Cache variables. ##
## ---------------- ##

ac_cv_build=x86_64-unknown-linux-gnu
ac_cv_c_compiler_gnu=yes
ac_cv_cxx_compiler_gnu=yes
ac_cv_env_CCC_set=
ac_cv_env_CCC_value=
ac_cv_env_CC_set=
ac_cv_env_CC_value=
ac_cv_env_CFLAGS_set=
ac_cv_env_CFLAGS_value=
ac_cv_env_CPPFLAGS_set=
ac_cv_env_CPPFLAGS_value=
ac_cv_env_CXXFLAGS_set=
ac_cv_env_CXXFLAGS_value=
ac_cv_env_CXX_set=
ac_cv_env_CXX_value=
ac_cv_env_LDFLAGS_set=
ac_cv_env_LDFLAGS_value=
ac_cv_env_LIBS_set=
ac_cv_env_LIBS_value=
ac_cv_env_STOW_PREFIX_set=
ac_cv_env_STOW_PREFIX_value=
ac_cv_env_STOW_ROOT_set=
ac_cv_env_STOW_ROOT_value=
ac_cv_env_build_alias_set=
ac_cv_env_build_alias_value=
ac_cv_env_host_alias_set=set
ac_cv_env_host_alias_value=riscv32-unknown-elf
ac_cv_env_target_alias_set=
ac_cv_env_target_alias_value=
ac_cv_host=riscv32-unknown-elf
ac_cv_objext=o
ac_cv_path_install='/usr/bin/install -c'
ac_cv_prog_AR=riscv32-unknown-elf-ar
ac_cv_prog_CC=riscv32-unknown-elf-gcc
ac_cv_prog_CXX=riscv32-unknown-elf-g++
ac_cv_prog_RANLIB=riscv32-unknown-elf-ranlib
ac_cv_prog_cc_c89=
ac_cv_prog_cc_g=yes
ac_cv_prog_cxx_g=yes

## ----------------- ##
## Output variables. ##
## ----------------- ##

AR='riscv32-unknown-elf-ar'
CC='riscv32-unknown-elf-gcc'
CFLAGS='-Wall -g -O3'
CPPFLAGS=''
CXX='riscv32-unknown-elf-g++'
CXXFLAGS='-Wall -g -D_RISCV -fno-builtin -fno-exceptions -fno-rtti -O3 -march=RV32IMXcustom'
DEFS='-DHAVE_CONFIG_H'
ECHO_C=''
ECHO_N='-n'
ECHO_T=''
EXEEXT=''
INSTALL_DATA='${INSTALL} -m 644'
INSTALL_PROGRAM='${INSTALL}'
INSTALL_SCRIPT='${INSTALL}'
LDFLAGS='-nostdlib -T../scripts/tinyrv2.ld'
LIBOBJS=''
LIBS=''
LTLIBOBJS=''
OBJEXT='o'
PACKAGE_BUGREPORT='Ji Kim'
PACKAGE_NAME='ECE4750 Microbenchmark Suite'
PACKAGE_STRING='ECE4750 Microbenchmark Suite ?'
PACKAGE_TARNAME='ubmark'
PACKAGE_URL=''
PACKAGE_VERSION='?'
PATH_SEPARATOR=':'
RANLIB='riscv32-unknown-elf-ranlib'
RUN=''
RUNFLAGS=''
SHELL='/bin/sh'
STOW_PREFIX=''
STOW_ROOT=''
ac_ct_CC=''
ac_ct_CXX=''
ac_ct_RUN=''
bindir='${exec_prefix}/bin'
build='x86_64-unknown-linux-gnu'
build_alias=''
build_cpu='x86_64'
build_os='linux-gnu'
build_vendor='unknown'
common_cppflags='-I../common '
common_extra_cppflags=''
common_extra_ldflags=''
common_extra_libs=''
common_intdeps=''
common_ldflags=''
common_libs='-lcommon '
common_pkcdeps=''
datadir='${datarootdir}'
datarootdir='${prefix}/share'
docdir='${datarootdir}/doc/${PACKAGE_TARNAME}'
dvidir='${docdir}'
enable_convert=''
enable_stow='no'
exec_prefix='${prefix}'
host='riscv32-unknown-elf'
host_alias='riscv32-unknown-elf'
host_cpu='riscv32'
host_os='elf'
host_vendor='unknown'
htmldir='${docdir}'
includedir='${prefix}/include'
infodir='${datarootdir}/info'
libdir='${exec_prefix}/lib'
libexecdir='${exec_prefix}/libexec'
localedir='${datarootdir}/locale'
localstatedir='${prefix}/var'
mandir='${datarootdir}/man'
mcppbs_include_external=''
mcppbs_include_external_en=''
mcppbs_include_internal='common ubmark mtbmark '
mcppbs_include_internal_en='common ubmark mtbmark '
mcppbs_install=''
mtbmark_cppflags='-I../mtbmark -I../common '
mtbmark_extra_cppflags=''
mtbmark_extra_ldflags=''
mtbmark_extra_libs=''
mtbmark_intdeps='common '
mtbmark_ldflags=''
mtbmark_libs='-lmtbmark -lcommon '
mtbmark_pkcdeps='common'
oldincludedir='/usr/include'
pdfdir='${docdir}'
prefix='/usr/local'
program_transform_name='s,x,x,'
psdir='${docdir}'
riscv_crosscompile='yes'
sbindir='${exec_prefix}/sbin'
sharedstatedir='${prefix}/com'
stow=''
sysconfdir='${prefix}/etc'
target_alias=''
ubmark_cppflags='-I../ubmark -I../common '
ubmark_extra_cppflags=''
ubmark_extra_ldflags=''
ubmark_extra_libs=''
ubmark_intdeps='common '
ubmark_ldflags=''
ubmark_libs='-lubmark -lcommon '
ubmark_pkcdeps='common'

## ----------- ##
## confdefs.h. ##
## ----------- ##

/* confdefs.h */
#define PACKAGE_NAME "ECE4750 Microbenchmark Suite"
#define PACKAGE_TARNAME "ubmark"
#define PACKAGE_VERSION "?"
#define PACKAGE_STRING "ECE4750 Microbenchmark Suite ?"
#define PACKAGE_BUGREPORT "Ji Kim"
#define PACKAGE_URL ""
#define HAVE_COMMON /**/
#define HAVE_UBMARK /**/
#define HAVE_MTBMARK /**/

configure: exit 0
