This file contains any messages produced by compilers while
running configure, to aid debugging if configure makes a mistake.

It was created by ECE4750 Microbenchmark Suite configure ?, which was
generated by GNU Autoconf 2.69.  Invocation command line was

  $ ../configure --no-create --no-recursion

## --------- ##
## Platform. ##
## --------- ##

hostname = en-ec-ecelinux-01.coecis.cornell.edu
uname -m = x86_64
uname -r = 3.10.0-327.36.3.el7.x86_64
uname -s = Linux
uname -v = #1 SMP Thu Oct 20 04:56:07 EDT 2016

/usr/bin/uname -p = x86_64
/bin/uname -X     = unknown

/bin/arch              = x86_64
/usr/bin/arch -k       = unknown
/usr/convex/getsysinfo = unknown
/usr/bin/hostinfo      = unknown
/bin/machine           = unknown
/usr/bin/oslevel       = unknown
/bin/universe          = unknown

PATH: /classes/ece4750/install/bare-pkgs/x86_64-rhel7/gems/ruby-2.3.1/bin
PATH: /classes/ece4750/install/bare-pkgs/x86_64-rhel7/gems/ruby-2.3.1@global/bin
PATH: /classes/ece4750/install/bare-pkgs/x86_64-rhel7/rubies/ruby-2.3.1/bin
PATH: /opt/texlive/2016/bin
PATH: /opt/texlive/2016/bin/x86_64-linux
PATH: /opt/texlive/2016
PATH: /classes/ece4750/install/venv-pkgs/x86_64-rhel7/pypy5.4.1/bin
PATH: /home/bhw49/install/stow-pkgs/x86_64-rhel7/bin
PATH: /home/bhw49/install/stow-pkgs/noarch/bin
PATH: /classes/ece4750/install/stow-pkgs/x86_64-rhel7/bin
PATH: /classes/ece4750/install/stow-pkgs/noarch/bin
PATH: /usr/lib64/qt-3.3/bin
PATH: /usr/local/bin
PATH: /usr/bin
PATH: /usr/local/sbin
PATH: /usr/sbin
PATH: /classes/setup
PATH: /classes/setup
PATH: /classes/ece4750/install/bare-pkgs/x86_64-rhel7/bin
PATH: /home/bhw49/.local/bin
PATH: /home/bhw49/bin


## ----------- ##
## Core tests. ##
## ----------- ##

configure:1882: checking build system type
configure:1896: result: x86_64-unknown-linux-gnu
configure:1916: checking host system type
configure:1929: result: x86_64-unknown-linux-gnu
configure:2003: checking for gcc
configure:2019: found /usr/bin/gcc
configure:2030: result: gcc
configure:2259: checking for C compiler version
configure:2268: gcc --version >&5
gcc (GCC) 4.8.5 20150623 (Red Hat 4.8.5-4)
Copyright (C) 2015 Free Software Foundation, Inc.
This is free software; see the source for copying conditions.  There is NO
warranty; not even for MERCHANTABILITY or FITNESS FOR A PARTICULAR PURPOSE.

configure:2279: $? = 0
configure:2268: gcc -v >&5
Using built-in specs.
COLLECT_GCC=gcc
COLLECT_LTO_WRAPPER=/usr/libexec/gcc/x86_64-redhat-linux/4.8.5/lto-wrapper
Target: x86_64-redhat-linux
Configured with: ../configure --prefix=/usr --mandir=/usr/share/man --infodir=/usr/share/info --with-bugurl=http://bugzilla.redhat.com/bugzilla --enable-bootstrap --enable-shared --enable-threads=posix --enable-checking=release --with-system-zlib --enable-__cxa_atexit --disable-libunwind-exceptions --enable-gnu-unique-object --enable-linker-build-id --with-linker-hash-style=gnu --enable-languages=c,c++,objc,obj-c++,java,fortran,ada,go,lto --enable-plugin --enable-initfini-array --disable-libgcj --with-isl=/builddir/build/BUILD/gcc-4.8.5-20150702/obj-x86_64-redhat-linux/isl-install --with-cloog=/builddir/build/BUILD/gcc-4.8.5-20150702/obj-x86_64-redhat-linux/cloog-install --enable-gnu-indirect-function --with-tune=generic --with-arch_32=x86-64 --build=x86_64-redhat-linux
Thread model: posix
gcc version 4.8.5 20150623 (Red Hat 4.8.5-4) (GCC) 
configure:2279: $? = 0
configure:2268: gcc -V >&5
gcc: error: unrecognized command line option '-V'
gcc: fatal error: no input files
compilation terminated.
configure:2279: $? = 4
configure:2268: gcc -qversion >&5
gcc: error: unrecognized command line option '-qversion'
gcc: fatal error: no input files
compilation terminated.
configure:2279: $? = 4
configure:2299: checking whether the C compiler works
configure:2321: gcc    conftest.c  >&5
configure:2325: $? = 0
configure:2373: result: yes
configure:2376: checking for C compiler default output file name
configure:2378: result: a.out
configure:2384: checking for suffix of executables
configure:2391: gcc -o conftest    conftest.c  >&5
configure:2395: $? = 0
configure:2417: result: 
configure:2439: checking whether we are cross compiling
configure:2447: gcc -o conftest    conftest.c  >&5
configure:2451: $? = 0
configure:2458: ./conftest
configure:2462: $? = 0
configure:2477: result: no
configure:2482: checking for suffix of object files
configure:2504: gcc -c   conftest.c >&5
configure:2508: $? = 0
configure:2529: result: o
configure:2533: checking whether we are using the GNU C compiler
configure:2552: gcc -c   conftest.c >&5
configure:2552: $? = 0
configure:2561: result: yes
configure:2570: checking whether gcc accepts -g
configure:2590: gcc -c -g  conftest.c >&5
configure:2590: $? = 0
configure:2631: result: yes
configure:2648: checking for gcc option to accept ISO C89
configure:2711: gcc  -c -g -O2  conftest.c >&5
configure:2711: $? = 0
configure:2724: result: none needed
configure:2806: checking for g++
configure:2822: found /usr/bin/g++
configure:2833: result: g++
configure:2860: checking for C++ compiler version
configure:2869: g++ --version >&5
g++ (GCC) 4.8.5 20150623 (Red Hat 4.8.5-4)
Copyright (C) 2015 Free Software Foundation, Inc.
This is free software; see the source for copying conditions.  There is NO
warranty; not even for MERCHANTABILITY or FITNESS FOR A PARTICULAR PURPOSE.

configure:2880: $? = 0
configure:2869: g++ -v >&5
Using built-in specs.
COLLECT_GCC=g++
COLLECT_LTO_WRAPPER=/usr/libexec/gcc/x86_64-redhat-linux/4.8.5/lto-wrapper
Target: x86_64-redhat-linux
Configured with: ../configure --prefix=/usr --mandir=/usr/share/man --infodir=/usr/share/info --with-bugurl=http://bugzilla.redhat.com/bugzilla --enable-bootstrap --enable-shared --enable-threads=posix --enable-checking=release --with-system-zlib --enable-__cxa_atexit --disable-libunwind-exceptions --enable-gnu-unique-object --enable-linker-build-id --with-linker-hash-style=gnu --enable-languages=c,c++,objc,obj-c++,java,fortran,ada,go,lto --enable-plugin --enable-initfini-array --disable-libgcj --with-isl=/builddir/build/BUILD/gcc-4.8.5-20150702/obj-x86_64-redhat-linux/isl-install --with-cloog=/builddir/build/BUILD/gcc-4.8.5-20150702/obj-x86_64-redhat-linux/cloog-install --enable-gnu-indirect-function --with-tune=generic --with-arch_32=x86-64 --build=x86_64-redhat-linux
Thread model: posix
gcc version 4.8.5 20150623 (Red Hat 4.8.5-4) (GCC) 
configure:2880: $? = 0
configure:2869: g++ -V >&5
g++: error: unrecognized command line option '-V'
g++: fatal error: no input files
compilation terminated.
configure:2880: $? = 4
configure:2869: g++ -qversion >&5
g++: error: unrecognized command line option '-qversion'
g++: fatal error: no input files
compilation terminated.
configure:2880: $? = 4
configure:2884: checking whether we are using the GNU C++ compiler
configure:2903: g++ -c   conftest.cpp >&5
configure:2903: $? = 0
configure:2912: result: yes
configure:2921: checking whether g++ accepts -g
configure:2941: g++ -c -g  conftest.cpp >&5
configure:2941: $? = 0
configure:2982: result: yes
configure:3064: checking for ar
configure:3080: found /usr/bin/ar
configure:3091: result: ar
configure:3156: checking for ranlib
configure:3172: found /usr/bin/ranlib
configure:3183: result: ranlib
configure:3252: checking for a BSD-compatible install
configure:3320: result: /usr/bin/install -c
configure:3818: configuring internal subproject common
configure:4093: configuring internal subproject ubmark
configure:4368: configuring internal subproject mtbmark
configure:4521: creating ./config.status

## ---------------- ##
## Cache variables. ##
## ---------------- ##

ac_cv_build=x86_64-unknown-linux-gnu
ac_cv_c_compiler_gnu=yes
ac_cv_cxx_compiler_gnu=yes
ac_cv_env_CCC_set=
ac_cv_env_CCC_value=
ac_cv_env_CC_set=
ac_cv_env_CC_value=
ac_cv_env_CFLAGS_set=
ac_cv_env_CFLAGS_value=
ac_cv_env_CPPFLAGS_set=
ac_cv_env_CPPFLAGS_value=
ac_cv_env_CXXFLAGS_set=
ac_cv_env_CXXFLAGS_value=
ac_cv_env_CXX_set=
ac_cv_env_CXX_value=
ac_cv_env_LDFLAGS_set=
ac_cv_env_LDFLAGS_value=
ac_cv_env_LIBS_set=
ac_cv_env_LIBS_value=
ac_cv_env_STOW_PREFIX_set=
ac_cv_env_STOW_PREFIX_value=
ac_cv_env_STOW_ROOT_set=
ac_cv_env_STOW_ROOT_value=
ac_cv_env_build_alias_set=
ac_cv_env_build_alias_value=
ac_cv_env_host_alias_set=
ac_cv_env_host_alias_value=
ac_cv_env_target_alias_set=
ac_cv_env_target_alias_value=
ac_cv_host=x86_64-unknown-linux-gnu
ac_cv_objext=o
ac_cv_path_install='/usr/bin/install -c'
ac_cv_prog_ac_ct_AR=ar
ac_cv_prog_ac_ct_CC=gcc
ac_cv_prog_ac_ct_CXX=g++
ac_cv_prog_ac_ct_RANLIB=ranlib
ac_cv_prog_cc_c89=
ac_cv_prog_cc_g=yes
ac_cv_prog_cxx_g=yes

## ----------------- ##
## Output variables. ##
## ----------------- ##

AR='ar'
CC='gcc'
CFLAGS='-Wall -g -O3'
CPPFLAGS=''
CXX='g++'
CXXFLAGS='-Wall -g -O3'
DEFS='-DHAVE_CONFIG_H'
ECHO_C=''
ECHO_N='-n'
ECHO_T=''
EXEEXT=''
INSTALL_DATA='${INSTALL} -m 644'
INSTALL_PROGRAM='${INSTALL}'
INSTALL_SCRIPT='${INSTALL}'
LDFLAGS=''
LIBOBJS=''
LIBS=''
LTLIBOBJS=''
OBJEXT='o'
PACKAGE_BUGREPORT='Ji Kim'
PACKAGE_NAME='ECE4750 Microbenchmark Suite'
PACKAGE_STRING='ECE4750 Microbenchmark Suite ?'
PACKAGE_TARNAME='ubmark'
PACKAGE_URL=''
PACKAGE_VERSION='?'
PATH_SEPARATOR=':'
RANLIB='ranlib'
RUN=''
RUNFLAGS=''
SHELL='/bin/sh'
STOW_PREFIX=''
STOW_ROOT=''
ac_ct_CC='gcc'
ac_ct_CXX='g++'
ac_ct_RUN=''
bindir='${exec_prefix}/bin'
build='x86_64-unknown-linux-gnu'
build_alias=''
build_cpu='x86_64'
build_os='linux-gnu'
build_vendor='unknown'
common_cppflags='-I../common '
common_extra_cppflags=''
common_extra_ldflags=''
common_extra_libs=''
common_intdeps=''
common_ldflags=''
common_libs='-lcommon '
common_pkcdeps=''
datadir='${datarootdir}'
datarootdir='${prefix}/share'
docdir='${datarootdir}/doc/${PACKAGE_TARNAME}'
dvidir='${docdir}'
enable_convert=''
enable_stow='no'
exec_prefix='${prefix}'
host='x86_64-unknown-linux-gnu'
host_alias=''
host_cpu='x86_64'
host_os='linux-gnu'
host_vendor='unknown'
htmldir='${docdir}'
includedir='${prefix}/include'
infodir='${datarootdir}/info'
libdir='${exec_prefix}/lib'
libexecdir='${exec_prefix}/libexec'
localedir='${datarootdir}/locale'
localstatedir='${prefix}/var'
mandir='${datarootdir}/man'
mcppbs_include_external=''
mcppbs_include_external_en=''
mcppbs_include_internal='common ubmark mtbmark '
mcppbs_include_internal_en='common ubmark mtbmark '
mcppbs_install=''
mtbmark_cppflags='-I../mtbmark -I../common '
mtbmark_extra_cppflags=''
mtbmark_extra_ldflags=''
mtbmark_extra_libs=''
mtbmark_intdeps='common '
mtbmark_ldflags=''
mtbmark_libs='-lmtbmark -lcommon '
mtbmark_pkcdeps='common'
oldincludedir='/usr/include'
pdfdir='${docdir}'
prefix='/usr/local'
program_transform_name='s,x,x,'
psdir='${docdir}'
riscv_crosscompile='no'
sbindir='${exec_prefix}/sbin'
sharedstatedir='${prefix}/com'
stow=''
sysconfdir='${prefix}/etc'
target_alias=''
ubmark_cppflags='-I../ubmark -I../common '
ubmark_extra_cppflags=''
ubmark_extra_ldflags=''
ubmark_extra_libs=''
ubmark_intdeps='common '
ubmark_ldflags=''
ubmark_libs='-lubmark -lcommon '
ubmark_pkcdeps='common'

## ----------- ##
## confdefs.h. ##
## ----------- ##

/* confdefs.h */
#define PACKAGE_NAME "ECE4750 Microbenchmark Suite"
#define PACKAGE_TARNAME "ubmark"
#define PACKAGE_VERSION "?"
#define PACKAGE_STRING "ECE4750 Microbenchmark Suite ?"
#define PACKAGE_BUGREPORT "Ji Kim"
#define PACKAGE_URL ""
#define HAVE_COMMON /**/
#define HAVE_UBMARK /**/
#define HAVE_MTBMARK /**/

configure: exit 0

## ---------------------- ##
## Running config.status. ##
## ---------------------- ##

This file was extended by ECE4750 Microbenchmark Suite config.status ?, which was
generated by GNU Autoconf 2.69.  Invocation command line was

  CONFIG_FILES    = 
  CONFIG_HEADERS  = 
  CONFIG_LINKS    = 
  CONFIG_COMMANDS = 
  $ ./config.status 

on en-ec-ecelinux-01.coecis.cornell.edu

config.status:847: creating common.mk
config.status:847: creating ubmark.mk
config.status:847: creating mtbmark.mk
config.status:847: creating Makefile
config.status:847: creating common-config.h
config.status:1007: common-config.h is unchanged
config.status:847: creating ubmark-config.h
config.status:1007: ubmark-config.h is unchanged
config.status:847: creating mtbmark-config.h
config.status:1007: mtbmark-config.h is unchanged
